<?xml version="1.0" encoding="UTF-8"?>
<!-- Generated by org.testng.reporters.JUnitReportReporter -->
<testsuite hostname="DESKTOP-5D58CR5" failures="0" tests="1" name="test1" time="0.183" errors="0" timestamp="31 10æœˆ 2018 03:50:05 GMT" skipped="0">
  <testcase classname="test1" name="test_equals" time="0.183"/>
</testsuite> <!-- test1 -->
